#
# There is insufficient memory for the Java Runtime Environment to continue.
# Native memory allocation (malloc) failed to allocate 1048576 bytes for AllocateHeap
# Possible reasons:
#   The system is out of physical RAM or swap space
#   The process is running with CompressedOops enabled, and the Java Heap may be blocking the growth of the native heap
# Possible solutions:
#   Reduce memory load on the system
#   Increase physical memory or swap space
#   Check if swap backing store is full
#   Decrease Java heap size (-Xmx/-Xms)
#   Decrease number of Java threads
#   Decrease Java thread stack sizes (-Xss)
#   Set larger code cache with -XX:ReservedCodeCacheSize=
#   JVM is running with Zero Based Compressed Oops mode in which the Java heap is
#     placed in the first 32GB address space. The Java Heap base address is the
#     maximum limit for the native heap growth. Please use -XX:HeapBaseMinAddress
#     to set the Java Heap base and to place the Java Heap above 32GB virtual address.
# This output file may be truncated or incomplete.
#
#  Out of Memory Error (memory/allocation.inline.hpp:61), pid=126780, tid=0x000000000001eea0
#
# JRE version:  (8.0_321-b07) (build )
# Java VM: Java HotSpot(TM) 64-Bit Server VM (25.321-b07 mixed mode windows-amd64 compressed oops)
# Failed to write core dump. Minidumps are not enabled by default on client versions of Windows
#

---------------  T H R E A D  ---------------

Current thread (0x0000019cfcb2f800):  JavaThread "Unknown thread" [_thread_in_vm, id=126624, stack(0x0000007d1c800000,0x0000007d1c900000)]

Stack: [0x0000007d1c800000,0x0000007d1c900000]
Native frames: (J=compiled Java code, j=interpreted, Vv=VM code, C=native code)
V  [jvm.dll+0x32fc49]
V  [jvm.dll+0x2761a2]
V  [jvm.dll+0x276e4d]
V  [jvm.dll+0x26d7f5]
V  [jvm.dll+0x509d]
V  [jvm.dll+0x3cafcc]
V  [jvm.dll+0x3c7337]
V  [jvm.dll+0xfd2ff]
V  [jvm.dll+0x20a8eb]
V  [jvm.dll+0x239417]
V  [jvm.dll+0x162e26]
C  [java.exe+0x2312]
C  [java.exe+0x15f54]
C  [KERNEL32.DLL+0x17034]
C  [ntdll.dll+0x52651]


---------------  P R O C E S S  ---------------

Java Threads: ( => current thread )

Other Threads:

=>0x0000019cfcb2f800 (exited) JavaThread "Unknown thread" [_thread_in_vm, id=126624, stack(0x0000007d1c800000,0x0000007d1c900000)]

VM state:not at safepoint (normal execution)

VM Mutex/Monitor currently owned by a thread: None

heap address: 0x00000006e2400000, size: 3548 MB, Compressed Oops mode: Zero based, Oop shift amount: 3
Narrow klass base: 0x0000000000000000, Narrow klass shift: 3
Compressed class space size: 1073741824 Address: 0x00000007c0000000

Heap:
 PSYoungGen      total 66560K, used 1146K [0x0000000776180000, 0x000000077ab80000, 0x00000007c0000000)
  eden space 57344K, 2% used [0x0000000776180000,0x000000077629eb90,0x0000000779980000)
  from space 9216K, 0% used [0x000000077a280000,0x000000077a280000,0x000000077ab80000)
  to   space 9216K, 0% used [0x0000000779980000,0x0000000779980000,0x000000077a280000)
 ParOldGen       total 151552K, used 0K [0x00000006e2400000, 0x00000006eb800000, 0x0000000776180000)
  object space 151552K, 0% used [0x00000006e2400000,0x00000006e2400000,0x00000006eb800000)
 Metaspace       used 778K, capacity 4480K, committed 4480K, reserved 1056768K
  class space    used 76K, capacity 384K, committed 384K, reserved 1048576K

Card table byte_map: [0x0000019cfea20000,0x0000019cff110000] byte_map_base: 0x0000019cfb30e000

Marking Bits: (ParMarkBitMap*) 0x0000000073479030
 Begin Bits: [0x0000019c8f000000, 0x0000019c92770000)
 End Bits:   [0x0000019c92770000, 0x0000019c95ee0000)

Polling page: 0x0000019cfcd30000

CodeCache: size=245760Kb used=328Kb max_used=328Kb free=245431Kb
 bounds [0x0000019c80000000, 0x0000019c80270000, 0x0000019c8f000000]
 total_blobs=57 nmethods=0 adapters=38
 compilation: enabled

Compilation events (0 events):
No events

GC Heap History (0 events):
No events

Deoptimization events (0 events):
No events

Classes redefined (0 events):
No events

Internal exceptions (0 events):
No events

Events (10 events):
Event: 0.016 loading class java/lang/Short
Event: 0.016 loading class java/lang/Short done
Event: 0.016 loading class java/lang/Integer
Event: 0.017 loading class java/lang/Integer done
Event: 0.017 loading class java/lang/Long
Event: 0.017 loading class java/lang/Long done
Event: 0.017 loading class java/lang/NullPointerException
Event: 0.017 loading class java/lang/NullPointerException done
Event: 0.017 loading class java/lang/ArithmeticException
Event: 0.017 loading class java/lang/ArithmeticException done


Dynamic libraries:
0x00007ff757c00000 - 0x00007ff757c47000 	D:\apps\java\jdk1.8.0_321\bin\java.exe
0x00007ffaf0910000 - 0x00007ffaf0b05000 	C:\WINDOWS\SYSTEM32\ntdll.dll
0x00007ffaeeb20000 - 0x00007ffaeebdd000 	C:\WINDOWS\System32\KERNEL32.DLL
0x00007ffaee020000 - 0x00007ffaee2ed000 	C:\WINDOWS\System32\KERNELBASE.dll
0x00007ffaeede0000 - 0x00007ffaeee8e000 	C:\WINDOWS\System32\ADVAPI32.dll
0x00007ffaef690000 - 0x00007ffaef72e000 	C:\WINDOWS\System32\msvcrt.dll
0x00007ffaef0c0000 - 0x00007ffaef15c000 	C:\WINDOWS\System32\sechost.dll
0x00007ffaeebe0000 - 0x00007ffaeed05000 	C:\WINDOWS\System32\RPCRT4.dll
0x00007ffaee960000 - 0x00007ffaeeb00000 	C:\WINDOWS\System32\USER32.dll
0x00007ffaee320000 - 0x00007ffaee342000 	C:\WINDOWS\System32\win32u.dll
0x00007ffaef730000 - 0x00007ffaef75a000 	C:\WINDOWS\System32\GDI32.dll
0x00007ffaee450000 - 0x00007ffaee55b000 	C:\WINDOWS\System32\gdi32full.dll
0x00007ffaee5f0000 - 0x00007ffaee68d000 	C:\WINDOWS\System32\msvcp_win.dll
0x00007ffaee350000 - 0x00007ffaee450000 	C:\WINDOWS\System32\ucrtbase.dll
0x00007ffada220000 - 0x00007ffada4ba000 	C:\WINDOWS\WinSxS\amd64_microsoft.windows.common-controls_6595b64144ccf1df_6.0.19041.1110_none_60b5254171f9507e\COMCTL32.dll
0x00007ffaeefa0000 - 0x00007ffaeefd0000 	C:\WINDOWS\System32\IMM32.DLL
0x00007ffae75b0000 - 0x00007ffae75c5000 	D:\apps\java\jdk1.8.0_321\jre\bin\vcruntime140.dll
0x00007ffae7090000 - 0x00007ffae712b000 	D:\apps\java\jdk1.8.0_321\jre\bin\msvcp140.dll
0x0000000072c90000 - 0x00000000734f1000 	D:\apps\java\jdk1.8.0_321\jre\bin\server\jvm.dll
0x00007ffaf08c0000 - 0x00007ffaf08c8000 	C:\WINDOWS\System32\PSAPI.DLL
0x00007ffae1be0000 - 0x00007ffae1c07000 	C:\WINDOWS\SYSTEM32\WINMM.dll
0x00007ffad5850000 - 0x00007ffad5859000 	C:\WINDOWS\SYSTEM32\WSOCK32.dll
0x00007ffae62b0000 - 0x00007ffae62ba000 	C:\WINDOWS\SYSTEM32\VERSION.dll
0x00007ffaef990000 - 0x00007ffaef9fb000 	C:\WINDOWS\System32\WS2_32.dll
0x00007ffaec8b0000 - 0x00007ffaec8c2000 	C:\WINDOWS\SYSTEM32\kernel.appcore.dll
0x00007ffae9840000 - 0x00007ffae9850000 	D:\apps\java\jdk1.8.0_321\jre\bin\verify.dll
0x00007ffae6f10000 - 0x00007ffae6f3b000 	D:\apps\java\jdk1.8.0_321\jre\bin\java.dll
0x00007ffade160000 - 0x00007ffade190000 	D:\apps\java\jdk1.8.0_321\jre\bin\instrument.dll
0x00007ffae7510000 - 0x00007ffae7528000 	D:\apps\java\jdk1.8.0_321\jre\bin\zip.dll
0x00007ffaec6a0000 - 0x00007ffaec884000 	C:\WINDOWS\SYSTEM32\dbghelp.dll
0x00007ffaee560000 - 0x00007ffaee5e2000 	C:\WINDOWS\System32\bcryptPrimitives.dll

VM Arguments:
jvm_args: -XX:TieredStopAtLevel=1 -Xverify:none -Dspring.output.ansi.enabled=always -javaagent:D:\apps\JetBrains\IntelliJ IDEA 2021.2.2\lib\idea_rt.jar=60899:D:\apps\JetBrains\IntelliJ IDEA 2021.2.2\bin -Dcom.sun.management.jmxremote -Dspring.jmx.enabled=true -Dspring.liveBeansView.mbeanDomain -Dspring.application.admin.enabled=true -Dfile.encoding=UTF-8 
java_command: com.baizeyule.filesystem.FileSystemApplication
java_class_path (initial): D:\apps\java\jdk1.8.0_321\jre\lib\charsets.jar;D:\apps\java\jdk1.8.0_321\jre\lib\deploy.jar;D:\apps\java\jdk1.8.0_321\jre\lib\ext\access-bridge-64.jar;D:\apps\java\jdk1.8.0_321\jre\lib\ext\cldrdata.jar;D:\apps\java\jdk1.8.0_321\jre\lib\ext\dnsns.jar;D:\apps\java\jdk1.8.0_321\jre\lib\ext\jaccess.jar;D:\apps\java\jdk1.8.0_321\jre\lib\ext\jfxrt.jar;D:\apps\java\jdk1.8.0_321\jre\lib\ext\localedata.jar;D:\apps\java\jdk1.8.0_321\jre\lib\ext\nashorn.jar;D:\apps\java\jdk1.8.0_321\jre\lib\ext\sunec.jar;D:\apps\java\jdk1.8.0_321\jre\lib\ext\sunjce_provider.jar;D:\apps\java\jdk1.8.0_321\jre\lib\ext\sunmscapi.jar;D:\apps\java\jdk1.8.0_321\jre\lib\ext\sunpkcs11.jar;D:\apps\java\jdk1.8.0_321\jre\lib\ext\zipfs.jar;D:\apps\java\jdk1.8.0_321\jre\lib\javaws.jar;D:\apps\java\jdk1.8.0_321\jre\lib\jce.jar;D:\apps\java\jdk1.8.0_321\jre\lib\jfr.jar;D:\apps\java\jdk1.8.0_321\jre\lib\jfxswt.jar;D:\apps\java\jdk1.8.0_321\jre\lib\jsse.jar;D:\apps\java\jdk1.8.0_321\jre\lib\management-agent.jar;D:\apps\java\jdk1.8.0_321\jre\lib\plugin.jar;D:\apps\java\jdk1.8.0_321\jre\lib\resources.jar;D:\apps\java\jdk1.8.0_321\jre\lib\rt.jar;E:\demos\file-system\target\classes;D:\maven-repository\org\springframework\boot\spring-boot-starter-web\2.7.0\spring-boot-starter-web-2.7.0.jar;D:\maven-repository\org\springframework\boot\spring-boot-starter\2.7.0\spring-boot-starter-2.7.0.jar;D:\maven-repository\org\springframework\boot\spring-boot\2.7.0\spring-boot-2.7.0.jar;D:\maven-repository\org\springframework\boot\spring-boot-autoconfigure\2.7.0\spring-boot-autoconfigure-2.7.0.jar;D:\maven-repository\org\springframework\boot\spring-boot-starter-logging\2.7.0\spring-boot-starter-logging-2.7.0.jar;D:\maven-repository\ch\qos\logback\logback-classic\1.2.11\logback-classic-1.2.11.jar;D:\maven-repository\ch\qos\logback\logback-core\1.2.11\logback-core-1.2.11.jar;D:\maven-repository\org\apache\logging\log4j\log4j-to-slf4j\2.17.2\log4j-to-slf4j-2.17.2.jar;D:\maven-repository\org\apache\logging
Launcher Type: SUN_STANDARD

Environment Variables:
JAVA_HOME=D:\apps\java\jdk1.8.0_321
PATH=C:\WINDOWS\system32;C:\WINDOWS;C:\WINDOWS\System32\Wbem;C:\WINDOWS\System32\WindowsPowerShell\v1.0\;C:\WINDOWS\System32\OpenSSH\;D:\apps\java\jdk1.8.0_321\bin;D:\apps\java\jdk1.8.0_321\jre\bin;D:\apps\Git\cmd;D:\apps\nodejs;D:\apps\Python27;D:\日常软件\MuMu\emulator\nemu\vmonitor\bin\adb_server.exe;;C:\Program Files (x86)\NVIDIA Corporation\PhysX\Common;C:\Program Files\NVIDIA Corporation\NVIDIA NvDLISR;C:\Users\13031\AppData\Local\Microsoft\WindowsApps;
USERNAME=13031
OS=Windows_NT
PROCESSOR_IDENTIFIER=AMD64 Family 25 Model 80 Stepping 0, AuthenticAMD



---------------  S Y S T E M  ---------------

OS: Windows 10 , 64 bit Build 19041 (10.0.19041.1706)

CPU:total 12 (initial active 12) (12 cores per cpu, 1 threads per core) family 25 model 80 stepping 0, cmov, cx8, fxsr, mmx, sse, sse2, sse3, ssse3, sse4.1, sse4.2, popcnt, avx, avx2, aes, clmul, erms, mmxext, 3dnowpref, lzcnt, sse4a, tsc, tscinvbit, tscinv, bmi1

Memory: 4k page, physical 14528572k(725972k free), swap 30502968k(4124k free)

vm_info: Java HotSpot(TM) 64-Bit Server VM (25.321-b07) for windows-amd64 JRE (1.8.0_321-b07), built on Dec 15 2021 11:19:20 by "java_re" with MS VC++ 15.9 (VS2017)

time: Wed Jun 15 18:21:12 2022
timezone: 中国标准时间
elapsed time: 0.029647 seconds (0d 0h 0m 0s)

